<?xml version="1.0" encoding="UTF-8"?>
<testng-results ignored="0" total="1" passed="1" failed="0" skipped="0">
  <reporter-output>
  </reporter-output>
  <suite started-at="2024-03-29T03:37:58 EET" name="Default suite" finished-at="2024-03-29T03:38:01 EET" duration-ms="2679">
    <groups>
    </groups>
    <test started-at="2024-03-29T03:37:58 EET" name="Default test" finished-at="2024-03-29T03:38:01 EET" duration-ms="2679">
      <class name="lec5.lec5">
        <test-method is-config="true" signature="BeforeTest()[pri:0, instance:lec5.lec5@4b2a01d4]" started-at="2024-03-29T03:37:58 EET" name="BeforeTest" finished-at="2024-03-29T03:37:58 EET" duration-ms="141" status="PASS">
          <reporter-output>
          </reporter-output>
        </test-method> <!-- BeforeTest -->
        <test-method signature="MyTest()[pri:0, instance:lec5.lec5@4b2a01d4]" started-at="2024-03-29T03:37:58 EET" name="MyTest" finished-at="2024-03-29T03:38:01 EET" duration-ms="2504" status="PASS">
          <reporter-output>
          </reporter-output>
        </test-method> <!-- MyTest -->
        <test-method is-config="true" signature="AfterTest()[pri:0, instance:lec5.lec5@4b2a01d4]" started-at="2024-03-29T03:38:01 EET" name="AfterTest" finished-at="2024-03-29T03:38:01 EET" duration-ms="0" status="PASS">
          <reporter-output>
          </reporter-output>
        </test-method> <!-- AfterTest -->
      </class> <!-- lec5.lec5 -->
    </test> <!-- Default test -->
  </suite> <!-- Default suite -->
</testng-results>
